<?xml version="1.0" encoding="UTF-8"?>
<!-- Generated by org.testng.reporters.JUnitReportReporter -->
<testsuite hostname="ADMINRG-5P4SOQB" name="com.wordpress.qa.TestCases.VerifyWordpressLogin1" tests="1" failures="0" timestamp="16 Jan 2018 19:33:16 GMT" time="14.269" errors="0">
  <testcase name="verifyValidLogin" time="14.269" classname="com.wordpress.qa.TestCases.VerifyWordpressLogin1"/>
</testsuite> <!-- com.wordpress.qa.TestCases.VerifyWordpressLogin1 -->
