<?xml version="1.0" encoding="UTF-8"?>
<!-- Generated by org.testng.reporters.JUnitReportReporter -->
<testsuite hostname="ADMINRG-5P4SOQB" name="com.wordpress.qa.TestCases.VerifyWordpressLogin" tests="1" failures="0" timestamp="16 Jan 2018 19:00:29 GMT" time="30.655" errors="0">
  <testcase name="verifyValidLogin" time="30.655" classname="com.wordpress.qa.TestCases.VerifyWordpressLogin"/>
</testsuite> <!-- com.wordpress.qa.TestCases.VerifyWordpressLogin -->
